2018-11-28 11:47:29,139 _internal.py[line:88] INFO  * Running on http://0.0.0.0:8091/ (Press CTRL+C to quit)
2018-11-28 11:47:30,670 jobs.py[line:13] INFO 自动开奖JOB状态= 0
2018-11-28 11:47:30,900 base.py[line:878] INFO Added job "dice" to job store "default"
2018-11-28 11:47:30,900 timer_service.py[line:12] INFO 同步时间开始
2018-11-28 11:47:31,186 timer_service.py[line:14] INFO 区块链时间为 1543434451
2018-11-28 11:47:31,186 timer_service.py[line:16] INFO 当前时间为 1543405651
2018-11-28 11:47:31,187 timer_service.py[line:18] INFO 差值 28800
2018-11-28 11:47:31,188 _internal.py[line:88] INFO 127.0.0.1 - - [28/Nov/2018 11:47:31] "POST /init HTTP/1.1" 200 -
2018-11-28 11:47:33,676 base.py[line:123] INFO Running job "dice (trigger: date[2018-11-28 11:47:33 UTC], next run at: 2018-11-28 11:47:33 UTC)" (scheduled at 2018-11-28 11:47:33.673623+00:00)
2018-11-28 11:47:33,677 base.py[line:624] INFO Removed job dice
2018-11-28 11:47:33,801 orm.py[line:34] INFO <app.entity.dice_seed_model.DiceSeed object at 0x7fc80f348f28>
2018-11-28 11:47:33,803 dice_service.py[line:103] INFO 当前执行第 1 个任务
2018-11-28 11:47:33,811 orm.py[line:34] INFO <app.entity.dice_seed_model.DiceSeed object at 0x7fc80f35e438>
2018-11-28 11:47:33,814 dice_service.py[line:103] INFO 当前执行第 2 个任务
2018-11-28 11:47:33,825 orm.py[line:34] INFO <app.entity.dice_seed_model.DiceSeed object at 0x7fc80f35e828>
2018-11-28 11:47:33,833 dice_service.py[line:103] INFO 当前执行第 3 个任务
2018-11-28 11:47:33,863 orm.py[line:34] INFO <app.entity.dice_seed_model.DiceSeed object at 0x7fc80f35ec18>
2018-11-28 11:47:33,886 dice_service.py[line:103] INFO 当前执行第 4 个任务
2018-11-28 11:47:33,897 orm.py[line:34] INFO <app.entity.dice_seed_model.DiceSeed object at 0x7fc80f370048>
2018-11-28 11:47:33,911 dice_service.py[line:103] INFO 当前执行第 5 个任务
2018-11-28 11:47:35,037 orm.py[line:34] INFO <app.entity.dice_seed_model.DiceSeed object at 0x7fc80f35ec88>
2018-11-28 11:47:35,058 dice_service.py[line:93] INFO hash=196c4bea082527b33d008abb1a0635a16305be775f0087c37b2bdcdd15517f53 已存在
2018-11-28 11:47:35,114 orm.py[line:34] INFO <app.entity.dice_seed_model.DiceSeed object at 0x7fc80f35e208>
2018-11-28 11:47:35,154 dice_service.py[line:93] INFO hash=d5024480e3d2622333ccc1abf30c7bba6ca37d98b258eec7175ca9c05f875a71 已存在
2018-11-28 11:47:35,176 orm.py[line:34] INFO <app.entity.dice_seed_model.DiceSeed object at 0x7fc80f348e10>
2018-11-28 11:47:35,191 dice_service.py[line:93] INFO hash=3914c794a18a34c2245f67f3c04cb372eef91f46c40c1506a1a64b4b99e5f50a 已存在
2018-11-28 11:47:35,229 orm.py[line:34] INFO <app.entity.dice_seed_model.DiceSeed object at 0x7fc80c8d8128>
2018-11-28 11:47:35,239 dice_service.py[line:93] INFO hash=a2cf025344e5c7e3c1dd6a4be8562994952815997f1ad8fdf860def63526d23d 已存在
2018-11-28 11:47:35,269 orm.py[line:34] INFO <app.entity.dice_seed_model.DiceSeed object at 0x7fc80c8d8358>
2018-11-28 11:47:35,279 dice_service.py[line:93] INFO hash=474da09b3e98050d6041c50b3b28a7df6a1c4ddeb53fe8fbc2cafb42997a8cf4 已存在
2018-11-28 11:47:36,169 dice_service.py[line:132] INFO 〓DICE〓 开奖完成 gameid=602 seed=94b5978e70e1b2167181bc4d9c62b924f04f2794604882d9958f6b2ab25c7b69 hash=3914c794a18a34c2245f67f3c04cb372eef91f46c40c1506a1a64b4b99e5f50a
2018-11-28 11:47:36,382 orm.py[line:34] INFO <app.entity.dice_seed_model.DiceSeed object at 0x7fc80c8d8518>
2018-11-28 11:47:36,384 dice_service.py[line:93] INFO hash=196c4bea082527b33d008abb1a0635a16305be775f0087c37b2bdcdd15517f53 已存在
2018-11-28 11:47:36,396 orm.py[line:34] INFO <app.entity.dice_seed_model.DiceSeed object at 0x7fc80c8d8748>
2018-11-28 11:47:36,400 dice_service.py[line:93] INFO hash=d5024480e3d2622333ccc1abf30c7bba6ca37d98b258eec7175ca9c05f875a71 已存在
2018-11-28 11:47:36,422 orm.py[line:34] INFO <app.entity.dice_seed_model.DiceSeed object at 0x7fc80c8d8978>
2018-11-28 11:47:36,432 dice_service.py[line:93] INFO hash=a2cf025344e5c7e3c1dd6a4be8562994952815997f1ad8fdf860def63526d23d 已存在
2018-11-28 11:47:36,438 dice_service.py[line:132] INFO 〓DICE〓 开奖完成 gameid=600 seed=78ab2e2e285061cb9d14ad54ad674e0eb53a5040eb2591b7ddec321bf02fc02a hash=196c4bea082527b33d008abb1a0635a16305be775f0087c37b2bdcdd15517f53
2018-11-28 11:47:36,449 orm.py[line:34] INFO <app.entity.dice_seed_model.DiceSeed object at 0x7fc80c8d8470>
2018-11-28 11:47:36,452 dice_service.py[line:93] INFO hash=474da09b3e98050d6041c50b3b28a7df6a1c4ddeb53fe8fbc2cafb42997a8cf4 已存在
2018-11-28 11:47:36,500 dice_service.py[line:132] INFO 〓DICE〓 开奖完成 gameid=601 seed=84157f3a55d1e91234de5eb65a0a55fcea43a3f1bdfc16bdde75d2d6a6fc028a hash=d5024480e3d2622333ccc1abf30c7bba6ca37d98b258eec7175ca9c05f875a71
2018-11-28 11:47:36,547 dice_service.py[line:132] INFO 〓DICE〓 开奖完成 gameid=603 seed=d88bc2687fd4dcf471a317f2e0d211ee0247151f7dab74edfd757bace4e51afa hash=a2cf025344e5c7e3c1dd6a4be8562994952815997f1ad8fdf860def63526d23d
2018-11-28 11:47:36,576 dice_service.py[line:132] INFO 〓DICE〓 开奖完成 gameid=604 seed=67886438e27cc68b7b87b7f47922b73c4b7f40cbb286f2c927abba86695b2759 hash=474da09b3e98050d6041c50b3b28a7df6a1c4ddeb53fe8fbc2cafb42997a8cf4
2018-11-28 11:47:47,363 _internal.py[line:88] INFO 127.0.0.1 - - [28/Nov/2018 11:47:47] "GET /api/dice/get_seed HTTP/1.0" 200 -
2018-11-28 11:48:07,917 _internal.py[line:88] INFO 127.0.0.1 - - [28/Nov/2018 11:48:07] "GET /api/dice/get_seed HTTP/1.0" 200 -
2018-11-28 11:48:10,924 _internal.py[line:88] INFO 127.0.0.1 - - [28/Nov/2018 11:48:10] "GET /api/dice/get_seed HTTP/1.0" 200 -
2018-11-28 11:48:13,559 _internal.py[line:88] INFO 127.0.0.1 - - [28/Nov/2018 11:48:13] "GET /api/dice/get_seed HTTP/1.0" 200 -
2018-11-28 11:48:20,124 _internal.py[line:88] INFO 127.0.0.1 - - [28/Nov/2018 11:48:20] "GET /api/dice/get_seed HTTP/1.0" 200 -
2018-11-28 11:48:23,160 _internal.py[line:88] INFO 127.0.0.1 - - [28/Nov/2018 11:48:23] "GET /api/dice/get_seed HTTP/1.0" 200 -
2018-11-28 11:48:29,673 _internal.py[line:88] INFO 127.0.0.1 - - [28/Nov/2018 11:48:29] "GET /api/dice/get_seed HTTP/1.0" 200 -
2018-11-28 11:48:34,635 _internal.py[line:88] INFO 127.0.0.1 - - [28/Nov/2018 11:48:34] "GET /api/dice/get_seed HTTP/1.0" 200 -
2018-11-28 11:48:37,679 _internal.py[line:88] INFO 127.0.0.1 - - [28/Nov/2018 11:48:37] "GET /api/dice/get_seed HTTP/1.0" 200 -
2018-11-28 11:48:59,121 _internal.py[line:88] INFO 127.0.0.1 - - [28/Nov/2018 11:48:59] "GET /api/dice/get_seed HTTP/1.0" 200 -
2018-11-28 11:49:02,170 _internal.py[line:88] INFO 127.0.0.1 - - [28/Nov/2018 11:49:02] "GET /api/dice/get_seed HTTP/1.0" 200 -
2018-11-28 11:49:04,600 _internal.py[line:88] INFO 127.0.0.1 - - [28/Nov/2018 11:49:04] "GET /api/dice/get_seed HTTP/1.0" 200 -
2018-11-28 11:49:11,106 _internal.py[line:88] INFO 127.0.0.1 - - [28/Nov/2018 11:49:11] "GET /api/dice/get_seed HTTP/1.0" 200 -
2018-11-28 11:49:13,799 _internal.py[line:88] INFO 127.0.0.1 - - [28/Nov/2018 11:49:13] "GET /api/dice/get_seed HTTP/1.0" 200 -
2018-11-28 11:50:56,826 _internal.py[line:88] INFO 127.0.0.1 - - [28/Nov/2018 11:50:56] "GET /api/dice/get_seed HTTP/1.0" 200 -
2018-11-28 11:50:57,170 _internal.py[line:88] INFO 127.0.0.1 - - [28/Nov/2018 11:50:57] "GET /api/dice/get_seed HTTP/1.0" 200 -
2018-11-28 11:50:57,279 _internal.py[line:88] INFO 127.0.0.1 - - [28/Nov/2018 11:50:57] "GET /api/dice/get_seed HTTP/1.0" 200 -
2018-11-28 11:50:57,683 _internal.py[line:88] INFO 127.0.0.1 - - [28/Nov/2018 11:50:57] "GET /api/dice/get_seed HTTP/1.0" 200 -
2018-11-28 11:50:57,816 _internal.py[line:88] INFO 127.0.0.1 - - [28/Nov/2018 11:50:57] "GET /api/dice/get_seed HTTP/1.0" 200 -
2018-11-28 11:50:57,842 _internal.py[line:88] INFO 127.0.0.1 - - [28/Nov/2018 11:50:57] "GET /api/dice/get_seed HTTP/1.0" 200 -
2018-11-28 11:50:57,868 _internal.py[line:88] INFO 127.0.0.1 - - [28/Nov/2018 11:50:57] "GET /api/dice/get_seed HTTP/1.0" 200 -
2018-11-28 11:50:57,870 _internal.py[line:88] INFO 127.0.0.1 - - [28/Nov/2018 11:50:57] "GET /api/dice/get_seed HTTP/1.0" 200 -
2018-11-28 11:50:57,884 _internal.py[line:88] INFO 127.0.0.1 - - [28/Nov/2018 11:50:57] "GET /api/dice/get_seed HTTP/1.0" 200 -
2018-11-28 11:50:57,894 _internal.py[line:88] INFO 127.0.0.1 - - [28/Nov/2018 11:50:57] "GET /api/dice/get_seed HTTP/1.0" 200 -
2018-11-28 11:51:00,863 orm.py[line:34] INFO <app.entity.dice_seed_model.DiceSeed object at 0x7fc80c0962b0>
2018-11-28 11:51:00,865 dice_service.py[line:103] INFO 当前执行第 1 个任务
2018-11-28 11:51:01,963 orm.py[line:34] INFO <app.entity.dice_seed_model.DiceSeed object at 0x7fc80c0969b0>
2018-11-28 11:51:01,965 dice_service.py[line:93] INFO hash=a64fea375e1cb704264e4a710109ee59be21770786120d1e6242e1de5d4fcda8 已存在
2018-11-28 11:51:01,974 orm.py[line:34] INFO <app.entity.dice_seed_model.DiceSeed object at 0x7fc80c096c18>
2018-11-28 11:51:01,980 dice_service.py[line:103] INFO 当前执行第 1 个任务
2018-11-28 11:51:01,998 orm.py[line:34] INFO <app.entity.dice_seed_model.DiceSeed object at 0x7fc80c902780>
2018-11-28 11:51:02,004 dice_service.py[line:103] INFO 当前执行第 2 个任务
2018-11-28 11:51:02,061 dice_service.py[line:132] INFO 〓DICE〓 开奖完成 gameid=680 seed=fd245f476ac3a4f05bac0c3f9ccd91ce244d43005c6971cac0b4a136d4f08a22 hash=a64fea375e1cb704264e4a710109ee59be21770786120d1e6242e1de5d4fcda8
2018-11-28 11:51:03,099 orm.py[line:34] INFO <app.entity.dice_seed_model.DiceSeed object at 0x7fc80c8f77b8>
2018-11-28 11:51:03,101 dice_service.py[line:93] INFO hash=1826722ea2ec556b6120fd7061a15bcc88861b104df9afed027523012d860ec2 已存在
2018-11-28 11:51:03,107 orm.py[line:34] INFO <app.entity.dice_seed_model.DiceSeed object at 0x7fc80c8f7710>
2018-11-28 11:51:03,109 dice_service.py[line:93] INFO hash=f00fd24b16ab4794a3eedee2b8a713f03611dee0ea3870ea2d0f5e9caa3271a1 已存在
2018-11-28 11:51:03,115 orm.py[line:34] INFO <app.entity.dice_seed_model.DiceSeed object at 0x7fc80c8ea860>
2018-11-28 11:51:03,116 dice_service.py[line:103] INFO 当前执行第 1 个任务
2018-11-28 11:51:03,128 orm.py[line:34] INFO <app.entity.dice_seed_model.DiceSeed object at 0x7fc80c8ea048>
2018-11-28 11:51:03,131 dice_service.py[line:103] INFO 当前执行第 2 个任务
2018-11-28 11:51:03,142 orm.py[line:34] INFO <app.entity.dice_seed_model.DiceSeed object at 0x7fc80c8ea5c0>
2018-11-28 11:51:03,151 dice_service.py[line:103] INFO 当前执行第 3 个任务
2018-11-28 11:51:03,159 orm.py[line:34] INFO <app.entity.dice_seed_model.DiceSeed object at 0x7fc80c8ee748>
2018-11-28 11:51:03,187 dice_service.py[line:103] INFO 当前执行第 4 个任务
2018-11-28 11:51:03,201 orm.py[line:34] INFO <app.entity.dice_seed_model.DiceSeed object at 0x7fc80c8eea20>
2018-11-28 11:51:03,222 dice_service.py[line:103] INFO 当前执行第 5 个任务
2018-11-28 11:51:03,249 orm.py[line:34] INFO <app.entity.dice_seed_model.DiceSeed object at 0x7fc80c8d8550>
2018-11-28 11:51:03,295 dice_service.py[line:103] INFO 当前执行第 6 个任务
2018-11-28 11:51:04,433 orm.py[line:34] INFO <app.entity.dice_seed_model.DiceSeed object at 0x7fc80c8ee6a0>
2018-11-28 11:51:04,440 dice_service.py[line:93] INFO hash=1826722ea2ec556b6120fd7061a15bcc88861b104df9afed027523012d860ec2 已存在
2018-11-28 11:51:04,461 orm.py[line:34] INFO <app.entity.dice_seed_model.DiceSeed object at 0x7fc80c8ead30>
2018-11-28 11:51:04,469 dice_service.py[line:93] INFO hash=f00fd24b16ab4794a3eedee2b8a713f03611dee0ea3870ea2d0f5e9caa3271a1 已存在
2018-11-28 11:51:04,484 orm.py[line:34] INFO <app.entity.dice_seed_model.DiceSeed object at 0x7fc80c8ea860>
2018-11-28 11:51:04,487 dice_service.py[line:93] INFO hash=1135ea7827ba84b492193a96a5d16cf3529131bfe6e4e15e40ad66c265d32032 已存在
2018-11-28 11:51:04,499 orm.py[line:34] INFO <app.entity.dice_seed_model.DiceSeed object at 0x7fc80c8f7be0>
2018-11-28 11:51:04,501 dice_service.py[line:93] INFO hash=3f41b16504e6635b37f9db75f870fac2149c9dbccb432aca3addf09026f9021a 已存在
2018-11-28 11:51:04,517 orm.py[line:34] INFO <app.entity.dice_seed_model.DiceSeed object at 0x7fc80c8f7828>
2018-11-28 11:51:04,530 dice_service.py[line:93] INFO hash=be46e7133c55cab41931148917b27138df88ce53bb008fe44aa27c4bf258772f 已存在
2018-11-28 11:51:04,531 dice_service.py[line:132] INFO 〓DICE〓 开奖完成 gameid=682 seed=b9dd682f823855facbcad4a0dd80d806ea0c04b83b8f1d9a0704710dd47a14f4 hash=f00fd24b16ab4794a3eedee2b8a713f03611dee0ea3870ea2d0f5e9caa3271a1
2018-11-28 11:51:04,541 orm.py[line:34] INFO <app.entity.dice_seed_model.DiceSeed object at 0x7fc80c902160>
2018-11-28 11:51:04,545 dice_service.py[line:93] INFO hash=6df3fd498ca1f3ef10a04c45c8d24c1dbf4e2ca1c892f1ed2d76760e86e59f81 已存在
2018-11-28 11:51:04,559 orm.py[line:34] INFO <app.entity.dice_seed_model.DiceSeed object at 0x7fc80c902dd8>
2018-11-28 11:51:04,562 dice_service.py[line:93] INFO hash=8b0f6b294329ac1c840e550b9557fd22ecc8c1198fbc4ac177f7a357563d4497 已存在
2018-11-28 11:51:04,577 orm.py[line:34] INFO <app.entity.dice_seed_model.DiceSeed object at 0x7fc80c8d88d0>
2018-11-28 11:51:04,593 dice_service.py[line:103] INFO 当前执行第 1 个任务
2018-11-28 11:51:04,604 orm.py[line:34] INFO <app.entity.dice_seed_model.DiceSeed object at 0x7fc80c8d80f0>
2018-11-28 11:51:04,611 dice_service.py[line:93] INFO hash=275d7a06d778e2a2ca06786231477ec8340ffbde59df34b2a70d26c1730de6dd 已存在
2018-11-28 11:51:04,722 dice_service.py[line:132] INFO 〓DICE〓 开奖完成 gameid=681 seed=a04a806dd632de2314be7f2091b55ca8f48fb7894faa835581a5585370d54180 hash=1826722ea2ec556b6120fd7061a15bcc88861b104df9afed027523012d860ec2
2018-11-28 11:51:05,718 orm.py[line:34] INFO <app.entity.dice_seed_model.DiceSeed object at 0x7fc80c8d8390>
2018-11-28 11:51:05,748 dice_service.py[line:93] INFO hash=1135ea7827ba84b492193a96a5d16cf3529131bfe6e4e15e40ad66c265d32032 已存在
2018-11-28 11:51:05,763 orm.py[line:34] INFO <app.entity.dice_seed_model.DiceSeed object at 0x7fc80c8d8710>
2018-11-28 11:51:05,783 dice_service.py[line:93] INFO hash=3f41b16504e6635b37f9db75f870fac2149c9dbccb432aca3addf09026f9021a 已存在
2018-11-28 11:51:05,854 orm.py[line:34] INFO <app.entity.dice_seed_model.DiceSeed object at 0x7fc80c8f7320>
2018-11-28 11:51:05,857 dice_service.py[line:93] INFO hash=be46e7133c55cab41931148917b27138df88ce53bb008fe44aa27c4bf258772f 已存在
2018-11-28 11:51:05,889 orm.py[line:34] INFO <app.entity.dice_seed_model.DiceSeed object at 0x7fc80c8ea048>
2018-11-28 11:51:05,899 dice_service.py[line:93] INFO hash=6df3fd498ca1f3ef10a04c45c8d24c1dbf4e2ca1c892f1ed2d76760e86e59f81 已存在
2018-11-28 11:51:05,917 orm.py[line:34] INFO <app.entity.dice_seed_model.DiceSeed object at 0x7fc80c8ead30>
2018-11-28 11:51:05,935 dice_service.py[line:93] INFO hash=8b0f6b294329ac1c840e550b9557fd22ecc8c1198fbc4ac177f7a357563d4497 已存在
2018-11-28 11:51:05,957 orm.py[line:34] INFO <app.entity.dice_seed_model.DiceSeed object at 0x7fc80c8eee10>
2018-11-28 11:51:05,971 dice_service.py[line:93] INFO hash=67ec9721b41c4f271f1eb6efeab363a3f649934b3dbf58de469d8665616f7dea 已存在
2018-11-28 11:51:05,993 orm.py[line:34] INFO <app.entity.dice_seed_model.DiceSeed object at 0x7fc80c8ee8d0>
2018-11-28 11:51:06,007 dice_service.py[line:93] INFO hash=275d7a06d778e2a2ca06786231477ec8340ffbde59df34b2a70d26c1730de6dd 已存在
2018-11-28 11:51:06,760 dice_service.py[line:132] INFO 〓DICE〓 开奖完成 gameid=683 seed=43e0b6a50aa8b6c330d5696db770b226597c35149a448dce3a60d5510407b9e9 hash=1135ea7827ba84b492193a96a5d16cf3529131bfe6e4e15e40ad66c265d32032
2018-11-28 11:51:06,879 dice_service.py[line:132] INFO 〓DICE〓 开奖完成 gameid=684 seed=d625893fa71d8238f63b05d81dc0a2073c1e24267cb3f88fdf99eb267d9554a0 hash=3f41b16504e6635b37f9db75f870fac2149c9dbccb432aca3addf09026f9021a
2018-11-28 11:51:06,925 dice_service.py[line:132] INFO 〓DICE〓 开奖完成 gameid=685 seed=69359feff0f7eeb5bc0a1256b917329dad7b676091c4035ebed3b287bc4d5533 hash=be46e7133c55cab41931148917b27138df88ce53bb008fe44aa27c4bf258772f
2018-11-28 11:51:07,085 dice_service.py[line:136] INFO 〓DICE〓 异步开奖异常  gameid=688 =b'{"code":500,"message":"Internal Service Error","error":{"code":3230001,"name":"crypto_api_exception","what":"Crypto API Exception","details":[{"message":"hash mismatch","file":"wasm_interface.cpp","line_number":745,"method":"assert_sha256"},{"message":"pending console output: ","file":"apply_context.cpp","line_number":61,"method":"exec_one"}]}}\n'
2018-11-28 11:51:07,088 dice_service.py[line:132] INFO 〓DICE〓 开奖完成 gameid=687 seed=8a3b19662bad3fa30b86262bb86c154f58ec6538567bb95949375d030ad9c7fd hash=8b0f6b294329ac1c840e550b9557fd22ecc8c1198fbc4ac177f7a357563d4497
2018-11-28 11:51:07,097 dice_service.py[line:132] INFO 〓DICE〓 开奖完成 gameid=686 seed=2e5502cc4e825e8bab3c1071df21400d7cb989a8cc825d9eaee0c2cc8b6c75fd hash=6df3fd498ca1f3ef10a04c45c8d24c1dbf4e2ca1c892f1ed2d76760e86e59f81
2018-11-28 11:51:07,100 orm.py[line:34] INFO <app.entity.dice_seed_model.DiceSeed object at 0x7fc80c9026d8>
2018-11-28 11:51:07,103 dice_service.py[line:93] INFO hash=67ec9721b41c4f271f1eb6efeab363a3f649934b3dbf58de469d8665616f7dea 已存在
2018-11-28 11:51:07,109 orm.py[line:34] INFO <app.entity.dice_seed_model.DiceSeed object at 0x7fc80c902780>
2018-11-28 11:51:07,112 dice_service.py[line:93] INFO hash=275d7a06d778e2a2ca06786231477ec8340ffbde59df34b2a70d26c1730de6dd 已存在
2018-11-28 11:51:07,247 dice_service.py[line:132] INFO 〓DICE〓 开奖完成 gameid=688 seed=fba3bf0073d021ec6a3a7bfefbd775bcef85ca57961c864c27f78bd20504aee7 hash=67ec9721b41c4f271f1eb6efeab363a3f649934b3dbf58de469d8665616f7dea
2018-11-28 11:51:08,219 orm.py[line:34] INFO <app.entity.dice_seed_model.DiceSeed object at 0x7fc80c902550>
2018-11-28 11:51:08,221 dice_service.py[line:93] INFO hash=275d7a06d778e2a2ca06786231477ec8340ffbde59df34b2a70d26c1730de6dd 已存在
2018-11-28 11:51:09,309 orm.py[line:34] INFO <app.entity.dice_seed_model.DiceSeed object at 0x7fc80c902940>
2018-11-28 11:51:09,311 dice_service.py[line:93] INFO hash=275d7a06d778e2a2ca06786231477ec8340ffbde59df34b2a70d26c1730de6dd 已存在
2018-11-28 11:51:10,398 orm.py[line:34] INFO <app.entity.dice_seed_model.DiceSeed object at 0x7fc80c8d8ef0>
2018-11-28 11:51:10,400 dice_service.py[line:93] INFO hash=275d7a06d778e2a2ca06786231477ec8340ffbde59df34b2a70d26c1730de6dd 已存在
2018-11-28 11:51:11,492 orm.py[line:34] INFO <app.entity.dice_seed_model.DiceSeed object at 0x7fc80c8d8358>
2018-11-28 11:51:11,495 dice_service.py[line:93] INFO hash=275d7a06d778e2a2ca06786231477ec8340ffbde59df34b2a70d26c1730de6dd 已存在
2018-11-28 11:51:12,639 orm.py[line:34] INFO <app.entity.dice_seed_model.DiceSeed object at 0x7fc80c8d8080>
2018-11-28 11:51:12,640 dice_service.py[line:93] INFO hash=275d7a06d778e2a2ca06786231477ec8340ffbde59df34b2a70d26c1730de6dd 已存在
2018-11-28 11:51:13,729 orm.py[line:34] INFO <app.entity.dice_seed_model.DiceSeed object at 0x7fc80c8d8f28>
2018-11-28 11:51:13,731 dice_service.py[line:93] INFO hash=275d7a06d778e2a2ca06786231477ec8340ffbde59df34b2a70d26c1730de6dd 已存在
2018-11-28 11:51:14,815 orm.py[line:34] INFO <app.entity.dice_seed_model.DiceSeed object at 0x7fc80c8ea550>
2018-11-28 11:51:14,816 dice_service.py[line:93] INFO hash=275d7a06d778e2a2ca06786231477ec8340ffbde59df34b2a70d26c1730de6dd 已存在
2018-11-28 11:51:15,904 orm.py[line:34] INFO <app.entity.dice_seed_model.DiceSeed object at 0x7fc80c8f7cf8>
2018-11-28 11:51:15,905 dice_service.py[line:93] INFO hash=275d7a06d778e2a2ca06786231477ec8340ffbde59df34b2a70d26c1730de6dd 已存在
2018-11-28 11:51:17,029 orm.py[line:34] INFO <app.entity.dice_seed_model.DiceSeed object at 0x7fc80c8f7710>
2018-11-28 11:51:17,031 dice_service.py[line:93] INFO hash=275d7a06d778e2a2ca06786231477ec8340ffbde59df34b2a70d26c1730de6dd 已存在
2018-11-28 11:51:18,115 orm.py[line:34] INFO <app.entity.dice_seed_model.DiceSeed object at 0x7fc80c8f7be0>
2018-11-28 11:51:18,116 dice_service.py[line:93] INFO hash=275d7a06d778e2a2ca06786231477ec8340ffbde59df34b2a70d26c1730de6dd 已存在
2018-11-28 11:51:19,202 orm.py[line:34] INFO <app.entity.dice_seed_model.DiceSeed object at 0x7fc80c902208>
2018-11-28 11:51:19,203 dice_service.py[line:93] INFO hash=275d7a06d778e2a2ca06786231477ec8340ffbde59df34b2a70d26c1730de6dd 已存在
2018-11-28 11:51:20,296 orm.py[line:34] INFO <app.entity.dice_seed_model.DiceSeed object at 0x7fc80c902588>
2018-11-28 11:51:20,297 dice_service.py[line:93] INFO hash=275d7a06d778e2a2ca06786231477ec8340ffbde59df34b2a70d26c1730de6dd 已存在
2018-11-28 11:51:21,390 orm.py[line:34] INFO <app.entity.dice_seed_model.DiceSeed object at 0x7fc80c902898>
2018-11-28 11:51:21,393 dice_service.py[line:93] INFO hash=275d7a06d778e2a2ca06786231477ec8340ffbde59df34b2a70d26c1730de6dd 已存在
2018-11-28 11:51:22,491 orm.py[line:34] INFO <app.entity.dice_seed_model.DiceSeed object at 0x7fc80c902668>
2018-11-28 11:51:22,493 dice_service.py[line:93] INFO hash=275d7a06d778e2a2ca06786231477ec8340ffbde59df34b2a70d26c1730de6dd 已存在
2018-11-28 11:51:23,591 orm.py[line:34] INFO <app.entity.dice_seed_model.DiceSeed object at 0x7fc80c8d87f0>
2018-11-28 11:51:23,592 dice_service.py[line:93] INFO hash=275d7a06d778e2a2ca06786231477ec8340ffbde59df34b2a70d26c1730de6dd 已存在
2018-11-28 11:51:24,686 orm.py[line:34] INFO <app.entity.dice_seed_model.DiceSeed object at 0x7fc80c8d8390>
2018-11-28 11:51:24,687 dice_service.py[line:93] INFO hash=275d7a06d778e2a2ca06786231477ec8340ffbde59df34b2a70d26c1730de6dd 已存在
2018-11-28 11:51:25,784 orm.py[line:34] INFO <app.entity.dice_seed_model.DiceSeed object at 0x7fc80c8d8b70>
2018-11-28 11:51:25,786 dice_service.py[line:93] INFO hash=275d7a06d778e2a2ca06786231477ec8340ffbde59df34b2a70d26c1730de6dd 已存在
2018-11-28 11:51:26,874 orm.py[line:34] INFO <app.entity.dice_seed_model.DiceSeed object at 0x7fc80c902898>
2018-11-28 11:51:26,876 dice_service.py[line:93] INFO hash=275d7a06d778e2a2ca06786231477ec8340ffbde59df34b2a70d26c1730de6dd 已存在
2018-11-28 11:51:27,972 orm.py[line:34] INFO <app.entity.dice_seed_model.DiceSeed object at 0x7fc80c8ea5f8>
2018-11-28 11:51:27,974 dice_service.py[line:93] INFO hash=275d7a06d778e2a2ca06786231477ec8340ffbde59df34b2a70d26c1730de6dd 已存在
2018-11-28 11:51:29,073 orm.py[line:34] INFO <app.entity.dice_seed_model.DiceSeed object at 0x7fc80c8eacc0>
2018-11-28 11:51:29,074 dice_service.py[line:93] INFO hash=275d7a06d778e2a2ca06786231477ec8340ffbde59df34b2a70d26c1730de6dd 已存在
2018-11-28 11:51:30,168 orm.py[line:34] INFO <app.entity.dice_seed_model.DiceSeed object at 0x7fc80c8ea198>
2018-11-28 11:51:30,170 dice_service.py[line:93] INFO hash=275d7a06d778e2a2ca06786231477ec8340ffbde59df34b2a70d26c1730de6dd 已存在
2018-11-28 11:51:31,273 orm.py[line:34] INFO <app.entity.dice_seed_model.DiceSeed object at 0x7fc80c8eaac8>
2018-11-28 11:51:31,274 dice_service.py[line:93] INFO hash=275d7a06d778e2a2ca06786231477ec8340ffbde59df34b2a70d26c1730de6dd 已存在
2018-11-28 11:51:32,362 orm.py[line:34] INFO <app.entity.dice_seed_model.DiceSeed object at 0x7fc80c8f7668>
2018-11-28 11:51:32,364 dice_service.py[line:93] INFO hash=275d7a06d778e2a2ca06786231477ec8340ffbde59df34b2a70d26c1730de6dd 已存在
2018-11-28 11:51:33,453 orm.py[line:34] INFO <app.entity.dice_seed_model.DiceSeed object at 0x7fc80c8f7828>
2018-11-28 11:51:33,455 dice_service.py[line:93] INFO hash=275d7a06d778e2a2ca06786231477ec8340ffbde59df34b2a70d26c1730de6dd 已存在
2018-11-28 11:51:34,541 orm.py[line:34] INFO <app.entity.dice_seed_model.DiceSeed object at 0x7fc80c8f7cf8>
2018-11-28 11:51:34,543 dice_service.py[line:93] INFO hash=275d7a06d778e2a2ca06786231477ec8340ffbde59df34b2a70d26c1730de6dd 已存在
2018-11-28 11:51:35,633 orm.py[line:34] INFO <app.entity.dice_seed_model.DiceSeed object at 0x7fc80c8d89e8>
2018-11-28 11:51:35,635 dice_service.py[line:93] INFO hash=275d7a06d778e2a2ca06786231477ec8340ffbde59df34b2a70d26c1730de6dd 已存在
2018-11-28 11:51:36,728 orm.py[line:34] INFO <app.entity.dice_seed_model.DiceSeed object at 0x7fc80c8d84e0>
2018-11-28 11:51:36,730 dice_service.py[line:93] INFO hash=275d7a06d778e2a2ca06786231477ec8340ffbde59df34b2a70d26c1730de6dd 已存在
2018-11-28 11:51:37,818 orm.py[line:34] INFO <app.entity.dice_seed_model.DiceSeed object at 0x7fc80c8d80b8>
2018-11-28 11:51:37,820 dice_service.py[line:93] INFO hash=275d7a06d778e2a2ca06786231477ec8340ffbde59df34b2a70d26c1730de6dd 已存在
2018-11-28 11:51:38,910 orm.py[line:34] INFO <app.entity.dice_seed_model.DiceSeed object at 0x7fc80c8ee668>
2018-11-28 11:51:38,911 dice_service.py[line:93] INFO hash=275d7a06d778e2a2ca06786231477ec8340ffbde59df34b2a70d26c1730de6dd 已存在
2018-11-28 11:51:39,996 orm.py[line:34] INFO <app.entity.dice_seed_model.DiceSeed object at 0x7fc80c8ea860>
2018-11-28 11:51:39,998 dice_service.py[line:93] INFO hash=275d7a06d778e2a2ca06786231477ec8340ffbde59df34b2a70d26c1730de6dd 已存在
2018-11-28 11:51:41,085 orm.py[line:34] INFO <app.entity.dice_seed_model.DiceSeed object at 0x7fc80c902358>
2018-11-28 11:51:41,087 dice_service.py[line:93] INFO hash=275d7a06d778e2a2ca06786231477ec8340ffbde59df34b2a70d26c1730de6dd 已存在
2018-11-28 11:51:42,177 orm.py[line:34] INFO <app.entity.dice_seed_model.DiceSeed object at 0x7fc80c902d68>
2018-11-28 11:51:42,180 dice_service.py[line:93] INFO hash=275d7a06d778e2a2ca06786231477ec8340ffbde59df34b2a70d26c1730de6dd 已存在
2018-11-28 11:51:43,269 orm.py[line:34] INFO <app.entity.dice_seed_model.DiceSeed object at 0x7fc80c902898>
2018-11-28 11:51:43,271 dice_service.py[line:93] INFO hash=275d7a06d778e2a2ca06786231477ec8340ffbde59df34b2a70d26c1730de6dd 已存在
2018-11-28 11:51:44,371 orm.py[line:34] INFO <app.entity.dice_seed_model.DiceSeed object at 0x7fc80c8f7160>
2018-11-28 11:51:44,375 dice_service.py[line:93] INFO hash=275d7a06d778e2a2ca06786231477ec8340ffbde59df34b2a70d26c1730de6dd 已存在
2018-11-28 11:51:45,460 orm.py[line:34] INFO <app.entity.dice_seed_model.DiceSeed object at 0x7fc80c8f7ba8>
2018-11-28 11:51:45,462 dice_service.py[line:93] INFO hash=275d7a06d778e2a2ca06786231477ec8340ffbde59df34b2a70d26c1730de6dd 已存在
2018-11-28 11:51:46,553 orm.py[line:34] INFO <app.entity.dice_seed_model.DiceSeed object at 0x7fc80c8d8cc0>
2018-11-28 11:51:46,554 dice_service.py[line:93] INFO hash=275d7a06d778e2a2ca06786231477ec8340ffbde59df34b2a70d26c1730de6dd 已存在
2018-11-28 11:51:47,654 orm.py[line:34] INFO <app.entity.dice_seed_model.DiceSeed object at 0x7fc80c8d80b8>
2018-11-28 11:51:47,656 dice_service.py[line:93] INFO hash=275d7a06d778e2a2ca06786231477ec8340ffbde59df34b2a70d26c1730de6dd 已存在
2018-11-28 11:51:48,753 orm.py[line:34] INFO <app.entity.dice_seed_model.DiceSeed object at 0x7fc80c8d86a0>
2018-11-28 11:51:48,755 dice_service.py[line:93] INFO hash=275d7a06d778e2a2ca06786231477ec8340ffbde59df34b2a70d26c1730de6dd 已存在
2018-11-28 11:51:49,844 orm.py[line:34] INFO <app.entity.dice_seed_model.DiceSeed object at 0x7fc80c8d8710>
2018-11-28 11:51:49,846 dice_service.py[line:93] INFO hash=275d7a06d778e2a2ca06786231477ec8340ffbde59df34b2a70d26c1730de6dd 已存在
2018-11-28 11:51:50,937 orm.py[line:34] INFO <app.entity.dice_seed_model.DiceSeed object at 0x7fc80c8f74e0>
2018-11-28 11:51:50,939 dice_service.py[line:93] INFO hash=275d7a06d778e2a2ca06786231477ec8340ffbde59df34b2a70d26c1730de6dd 已存在
2018-11-28 11:51:52,023 orm.py[line:34] INFO <app.entity.dice_seed_model.DiceSeed object at 0x7fc80c8ee978>
2018-11-28 11:51:52,025 dice_service.py[line:93] INFO hash=275d7a06d778e2a2ca06786231477ec8340ffbde59df34b2a70d26c1730de6dd 已存在
2018-11-28 11:51:53,117 orm.py[line:34] INFO <app.entity.dice_seed_model.DiceSeed object at 0x7fc80c8eee10>
2018-11-28 11:51:53,119 dice_service.py[line:93] INFO hash=275d7a06d778e2a2ca06786231477ec8340ffbde59df34b2a70d26c1730de6dd 已存在
2018-11-28 11:51:54,208 orm.py[line:34] INFO <app.entity.dice_seed_model.DiceSeed object at 0x7fc80c8ee5c0>
2018-11-28 11:51:54,210 dice_service.py[line:93] INFO hash=275d7a06d778e2a2ca06786231477ec8340ffbde59df34b2a70d26c1730de6dd 已存在
2018-11-28 11:51:55,308 orm.py[line:34] INFO <app.entity.dice_seed_model.DiceSeed object at 0x7fc80c9025c0>
2018-11-28 11:51:55,310 dice_service.py[line:93] INFO hash=275d7a06d778e2a2ca06786231477ec8340ffbde59df34b2a70d26c1730de6dd 已存在
2018-11-28 11:51:56,406 orm.py[line:34] INFO <app.entity.dice_seed_model.DiceSeed object at 0x7fc80c9020b8>
2018-11-28 11:51:56,408 dice_service.py[line:93] INFO hash=275d7a06d778e2a2ca06786231477ec8340ffbde59df34b2a70d26c1730de6dd 已存在
2018-11-28 11:51:57,496 orm.py[line:34] INFO <app.entity.dice_seed_model.DiceSeed object at 0x7fc80c902630>
2018-11-28 11:51:57,497 dice_service.py[line:93] INFO hash=275d7a06d778e2a2ca06786231477ec8340ffbde59df34b2a70d26c1730de6dd 已存在
2018-11-28 11:51:58,606 orm.py[line:34] INFO <app.entity.dice_seed_model.DiceSeed object at 0x7fc80c8d8940>
2018-11-28 11:51:58,608 dice_service.py[line:93] INFO hash=275d7a06d778e2a2ca06786231477ec8340ffbde59df34b2a70d26c1730de6dd 已存在
2018-11-28 11:51:59,785 orm.py[line:34] INFO <app.entity.dice_seed_model.DiceSeed object at 0x7fc80c8d82b0>
2018-11-28 11:51:59,786 dice_service.py[line:93] INFO hash=275d7a06d778e2a2ca06786231477ec8340ffbde59df34b2a70d26c1730de6dd 已存在
2018-11-28 11:52:00,879 orm.py[line:34] INFO <app.entity.dice_seed_model.DiceSeed object at 0x7fc80c8d86a0>
2018-11-28 11:52:00,880 dice_service.py[line:93] INFO hash=275d7a06d778e2a2ca06786231477ec8340ffbde59df34b2a70d26c1730de6dd 已存在
2018-11-28 11:52:01,971 orm.py[line:34] INFO <app.entity.dice_seed_model.DiceSeed object at 0x7fc80c8d8748>
2018-11-28 11:52:01,972 dice_service.py[line:93] INFO hash=275d7a06d778e2a2ca06786231477ec8340ffbde59df34b2a70d26c1730de6dd 已存在
2018-11-28 11:52:03,065 orm.py[line:34] INFO <app.entity.dice_seed_model.DiceSeed object at 0x7fc80c8ea978>
2018-11-28 11:52:03,067 dice_service.py[line:93] INFO hash=275d7a06d778e2a2ca06786231477ec8340ffbde59df34b2a70d26c1730de6dd 已存在
2018-11-28 11:52:04,079 _internal.py[line:88] INFO 127.0.0.1 - - [28/Nov/2018 11:52:04] "GET /api/dice/test HTTP/1.0" 200 -
2018-11-28 11:52:04,155 orm.py[line:34] INFO <app.entity.dice_seed_model.DiceSeed object at 0x7fc80c8f7748>
2018-11-28 11:52:04,157 dice_service.py[line:93] INFO hash=275d7a06d778e2a2ca06786231477ec8340ffbde59df34b2a70d26c1730de6dd 已存在
2018-11-28 11:52:05,245 orm.py[line:34] INFO <app.entity.dice_seed_model.DiceSeed object at 0x7fc80c8f7080>
2018-11-28 11:52:05,246 dice_service.py[line:93] INFO hash=275d7a06d778e2a2ca06786231477ec8340ffbde59df34b2a70d26c1730de6dd 已存在
2018-11-28 11:52:05,302 _internal.py[line:88] INFO 127.0.0.1 - - [28/Nov/2018 11:52:05] "GET /api/dice/test HTTP/1.0" 200 -
2018-11-28 11:52:06,337 orm.py[line:34] INFO <app.entity.dice_seed_model.DiceSeed object at 0x7fc80c902358>
2018-11-28 11:52:06,339 dice_service.py[line:93] INFO hash=275d7a06d778e2a2ca06786231477ec8340ffbde59df34b2a70d26c1730de6dd 已存在
2018-11-28 11:52:07,427 orm.py[line:34] INFO <app.entity.dice_seed_model.DiceSeed object at 0x7fc80c8d84e0>
2018-11-28 11:52:07,428 dice_service.py[line:93] INFO hash=275d7a06d778e2a2ca06786231477ec8340ffbde59df34b2a70d26c1730de6dd 已存在
2018-11-28 11:52:08,513 orm.py[line:34] INFO <app.entity.dice_seed_model.DiceSeed object at 0x7fc80c8d8748>
2018-11-28 11:52:08,514 dice_service.py[line:93] INFO hash=275d7a06d778e2a2ca06786231477ec8340ffbde59df34b2a70d26c1730de6dd 已存在
2018-11-28 11:52:09,613 orm.py[line:34] INFO <app.entity.dice_seed_model.DiceSeed object at 0x7fc80c8d8208>
2018-11-28 11:52:09,615 dice_service.py[line:93] INFO hash=275d7a06d778e2a2ca06786231477ec8340ffbde59df34b2a70d26c1730de6dd 已存在
2018-11-28 11:52:10,825 orm.py[line:34] INFO <app.entity.dice_seed_model.DiceSeed object at 0x7fc80c8d8940>
2018-11-28 11:52:10,826 dice_service.py[line:93] INFO hash=275d7a06d778e2a2ca06786231477ec8340ffbde59df34b2a70d26c1730de6dd 已存在
2018-11-28 11:52:11,927 orm.py[line:34] INFO <app.entity.dice_seed_model.DiceSeed object at 0x7fc80f35e860>
2018-11-28 11:52:11,928 dice_service.py[line:93] INFO hash=275d7a06d778e2a2ca06786231477ec8340ffbde59df34b2a70d26c1730de6dd 已存在
2018-11-28 11:52:13,020 orm.py[line:34] INFO <app.entity.dice_seed_model.DiceSeed object at 0x7fc80f35ea20>
2018-11-28 11:52:13,022 dice_service.py[line:93] INFO hash=275d7a06d778e2a2ca06786231477ec8340ffbde59df34b2a70d26c1730de6dd 已存在
2018-11-28 11:52:14,108 orm.py[line:34] INFO <app.entity.dice_seed_model.DiceSeed object at 0x7fc80f35eda0>
2018-11-28 11:52:14,110 dice_service.py[line:93] INFO hash=275d7a06d778e2a2ca06786231477ec8340ffbde59df34b2a70d26c1730de6dd 已存在
2018-11-28 11:52:15,206 orm.py[line:34] INFO <app.entity.dice_seed_model.DiceSeed object at 0x7fc80c8f7b00>
2018-11-28 11:52:15,208 dice_service.py[line:93] INFO hash=275d7a06d778e2a2ca06786231477ec8340ffbde59df34b2a70d26c1730de6dd 已存在
2018-11-28 11:52:16,302 orm.py[line:34] INFO <app.entity.dice_seed_model.DiceSeed object at 0x7fc80c8ea5c0>
2018-11-28 11:52:16,304 dice_service.py[line:93] INFO hash=275d7a06d778e2a2ca06786231477ec8340ffbde59df34b2a70d26c1730de6dd 已存在
2018-11-28 11:52:17,408 orm.py[line:34] INFO <app.entity.dice_seed_model.DiceSeed object at 0x7fc80c8ea5f8>
2018-11-28 11:52:17,409 dice_service.py[line:93] INFO hash=275d7a06d778e2a2ca06786231477ec8340ffbde59df34b2a70d26c1730de6dd 已存在
